<?xml version="1.0" encoding="UTF-8"?>
<!-- Generated by org.testng.reporters.JUnitReportReporter -->
<testsuite hostname="DESKTOP-I59386F" failures="0" tests="1" name="dd.TC1" time="0.017" errors="0" timestamp="2023-05-12T22:14:58 IST" skipped="0">
  <testcase classname="dd.TC1" name="m1" time="0.017"/>
  <system-out>
    <![CDATA[SS]]>
  </system-out>
</testsuite> <!-- dd.TC1 -->
